<?xml version="1.0" encoding="UTF-8"?>
<testng-results skipped="0" failed="0" ignored="0" total="1" passed="1">
  <reporter-output>
  </reporter-output>
  <suite name="Suite" duration-ms="3129" started-at="2020-04-13T11:34:40Z" finished-at="2020-04-13T11:34:43Z">
    <groups>
    </groups>
    <test name="Test" duration-ms="3129" started-at="2020-04-13T11:34:40Z" finished-at="2020-04-13T11:34:43Z">
      <class name="qsp.P2">
        <test-method status="PASS" signature="test()[pri:0, instance:qsp.P2@4c70fda8]" name="test" duration-ms="3114" started-at="2020-04-13T11:34:40Z" finished-at="2020-04-13T11:34:43Z">
          <reporter-output>
          </reporter-output>
        </test-method> <!-- test -->
      </class> <!-- qsp.P2 -->
    </test> <!-- Test -->
  </suite> <!-- Suite -->
</testng-results>
